<?xml version="1.0" encoding="UTF-8"?>
<!-- Generated by org.testng.reporters.JUnitReportReporter -->
<testsuite hostname="user1" failures="0" tests="2" name="testScripts.PlaceOrderTest" time="1.001" errors="0" timestamp="2025-04-08T17:39:40 IST" skipped="0">
  <testcase classname="testScripts.PlaceOrderTest" name="validLoginTest" time="0.316"/>
  <testcase classname="testScripts.PlaceOrderTest" name="checkoutItems" time="0.685"/>
</testsuite> <!-- testScripts.PlaceOrderTest -->
