<?xml version="1.0" encoding="UTF-8"?>
<!-- Generated by org.testng.reporters.JUnitReportReporter -->
<testsuite hostname="user1" failures="0" tests="1" name="base.TestBase" time="1.578" errors="0" timestamp="2025-04-08T14:32:09 IST" skipped="0">
  <testcase classname="base.TestBase" name="initDriver" time="1.578"/>
</testsuite> <!-- base.TestBase -->
